contactcard/build/intermediates/manifest_merge_blame_file/debug/manifest-merger-blame-debug-report.txt
1<?xml version="1.0" encoding="utf-8"?>
2<manifest xmlns:android="http://schemas.android.com/apk/res/android"
3    package="io.rong.contactcard" >
4
5    <uses-sdk
6        android:minSdkVersion="19"
6-->src/main/AndroidManifest.xml
7        android:targetSdkVersion="19" />
7-->src/main/AndroidManifest.xml
8
9    <application android:supportsRtl="true" >
9-->src/main/AndroidManifest.xml:4:5-13:19
9-->src/main/AndroidManifest.xml:4:18-44
10        <activity
10-->src/main/AndroidManifest.xml:5:9-8:59
11            android:name="io.rong.contactcard.activities.ContactListActivity"
11-->src/main/AndroidManifest.xml:6:13-59
12            android:screenOrientation="portrait"
12-->src/main/AndroidManifest.xml:7:13-49
13            android:windowSoftInputMode="adjustNothing" />
13-->src/main/AndroidManifest.xml:8:13-56
14        <activity
14-->src/main/AndroidManifest.xml:10:9-12:59
15            android:name="io.rong.contactcard.activities.ContactDetailActivity"
15-->src/main/AndroidManifest.xml:11:13-61
16            android:theme="@android:style/Theme.Dialog" />
16-->src/main/AndroidManifest.xml:12:13-56
17    </application>
18
19</manifest>